<?xml version="1.0" encoding="UTF-8"?>
<testsuite xmlns:xsi="http://www.w3.org/2001/XMLSchema-instance" xsi:noNamespaceSchemaLocation="https://maven.apache.org/surefire/maven-surefire-plugin/xsd/surefire-test-report.xsd" name="org.vamos.joy.businessImpl.AppTest" time="0.043" tests="1" errors="0" skipped="0" failures="0">
  <properties>
    <property name="sun.desktop" value="gnome"/>
    <property name="awt.toolkit" value="sun.awt.X11.XToolkit"/>
    <property name="file.encoding.pkg" value="sun.io"/>
    <property name="java.specification.version" value="1.8"/>
    <property name="sun.cpu.isalist" value=""/>
    <property name="sun.jnu.encoding" value="UTF-8"/>
    <property name="java.class.path" value="/home/vico/Documents/Projets/Walt/walt/walt-businessImpl/target/test-classes:/home/vico/Documents/Projets/Walt/walt/walt-businessImpl/target/classes:/home/vico/Documents/Projets/Walt/walt/walt-consumer/target/walt-consumer-1.0-SNAPSHOT.jar:/home/vico/Documents/Projets/Walt/walt/walt-model/target/walt-model-1.0-SNAPSHOT.jar:/home/vico/Documents/Projets/Walt/walt/walt-businessContract/target/walt-businessContract-1.0-SNAPSHOT.jar:/home/vico/Documents/Projets/Walt/walt/walt-technical/target/walt-technical-1.0-SNAPSHOT.jar:/home/vico/.m2/repository/org/springframework/spring-context/5.0.13.RELEASE/spring-context-5.0.13.RELEASE.jar:/home/vico/.m2/repository/org/springframework/spring-aop/5.0.13.RELEASE/spring-aop-5.0.13.RELEASE.jar:/home/vico/.m2/repository/org/springframework/spring-beans/5.0.13.RELEASE/spring-beans-5.0.13.RELEASE.jar:/home/vico/.m2/repository/org/springframework/spring-core/5.0.13.RELEASE/spring-core-5.0.13.RELEASE.jar:/home/vico/.m2/repository/org/springframework/spring-jcl/5.0.13.RELEASE/spring-jcl-5.0.13.RELEASE.jar:/home/vico/.m2/repository/org/springframework/spring-expression/5.0.13.RELEASE/spring-expression-5.0.13.RELEASE.jar:/home/vico/.m2/repository/junit/junit/3.8.1/junit-3.8.1.jar:/home/vico/.m2/repository/javax/inject/javax.inject/1/javax.inject-1.jar:"/>
    <property name="java.vm.vendor" value="Oracle Corporation"/>
    <property name="sun.arch.data.model" value="64"/>
    <property name="java.vendor.url" value="http://java.oracle.com/"/>
    <property name="user.timezone" value=""/>
    <property name="java.vm.specification.version" value="1.8"/>
    <property name="os.name" value="Linux"/>
    <property name="user.country" value="FR"/>
    <property name="sun.java.launcher" value="SUN_STANDARD"/>
    <property name="sun.boot.library.path" value="/usr/lib/jvm/jdk1.8.0_212/jre/lib/amd64"/>
    <property name="sun.java.command" value="/home/vico/Documents/Projets/Walt/walt/walt-businessImpl/target/surefire/surefirebooter4659059763932617864.jar /home/vico/Documents/Projets/Walt/walt/walt-businessImpl/target/surefire 2020-01-17T16-28-02_662-jvmRun1 surefire7691849367785833536tmp surefire_52636269173717199167tmp"/>
    <property name="surefire.test.class.path" value="/home/vico/Documents/Projets/Walt/walt/walt-businessImpl/target/test-classes:/home/vico/Documents/Projets/Walt/walt/walt-businessImpl/target/classes:/home/vico/Documents/Projets/Walt/walt/walt-consumer/target/walt-consumer-1.0-SNAPSHOT.jar:/home/vico/Documents/Projets/Walt/walt/walt-model/target/walt-model-1.0-SNAPSHOT.jar:/home/vico/Documents/Projets/Walt/walt/walt-businessContract/target/walt-businessContract-1.0-SNAPSHOT.jar:/home/vico/Documents/Projets/Walt/walt/walt-technical/target/walt-technical-1.0-SNAPSHOT.jar:/home/vico/.m2/repository/org/springframework/spring-context/5.0.13.RELEASE/spring-context-5.0.13.RELEASE.jar:/home/vico/.m2/repository/org/springframework/spring-aop/5.0.13.RELEASE/spring-aop-5.0.13.RELEASE.jar:/home/vico/.m2/repository/org/springframework/spring-beans/5.0.13.RELEASE/spring-beans-5.0.13.RELEASE.jar:/home/vico/.m2/repository/org/springframework/spring-core/5.0.13.RELEASE/spring-core-5.0.13.RELEASE.jar:/home/vico/.m2/repository/org/springframework/spring-jcl/5.0.13.RELEASE/spring-jcl-5.0.13.RELEASE.jar:/home/vico/.m2/repository/org/springframework/spring-expression/5.0.13.RELEASE/spring-expression-5.0.13.RELEASE.jar:/home/vico/.m2/repository/junit/junit/3.8.1/junit-3.8.1.jar:/home/vico/.m2/repository/javax/inject/javax.inject/1/javax.inject-1.jar:"/>
    <property name="sun.cpu.endian" value="little"/>
    <property name="user.home" value="/home/vico"/>
    <property name="user.language" value="fr"/>
    <property name="java.specification.vendor" value="Oracle Corporation"/>
    <property name="java.home" value="/usr/lib/jvm/jdk1.8.0_212/jre"/>
    <property name="basedir" value="/home/vico/Documents/Projets/Walt/walt/walt-businessImpl"/>
    <property name="file.separator" value="/"/>
    <property name="line.separator" value="&#10;"/>
    <property name="java.vm.specification.vendor" value="Oracle Corporation"/>
    <property name="java.specification.name" value="Java Platform API Specification"/>
    <property name="java.awt.graphicsenv" value="sun.awt.X11GraphicsEnvironment"/>
    <property name="surefire.real.class.path" value="/home/vico/Documents/Projets/Walt/walt/walt-businessImpl/target/surefire/surefirebooter4659059763932617864.jar"/>
    <property name="sun.boot.class.path" value="/usr/lib/jvm/jdk1.8.0_212/jre/lib/resources.jar:/usr/lib/jvm/jdk1.8.0_212/jre/lib/rt.jar:/usr/lib/jvm/jdk1.8.0_212/jre/lib/sunrsasign.jar:/usr/lib/jvm/jdk1.8.0_212/jre/lib/jsse.jar:/usr/lib/jvm/jdk1.8.0_212/jre/lib/jce.jar:/usr/lib/jvm/jdk1.8.0_212/jre/lib/charsets.jar:/usr/lib/jvm/jdk1.8.0_212/jre/lib/jfr.jar:/usr/lib/jvm/jdk1.8.0_212/jre/classes"/>
    <property name="sun.management.compiler" value="HotSpot 64-Bit Tiered Compilers"/>
    <property name="java.runtime.version" value="1.8.0_212-b10"/>
    <property name="user.name" value="vico"/>
    <property name="path.separator" value=":"/>
    <property name="os.version" value="5.3.0-26-generic"/>
    <property name="java.endorsed.dirs" value="/usr/lib/jvm/jdk1.8.0_212/jre/lib/endorsed"/>
    <property name="java.runtime.name" value="Java(TM) SE Runtime Environment"/>
    <property name="file.encoding" value="UTF-8"/>
    <property name="java.vm.name" value="Java HotSpot(TM) 64-Bit Server VM"/>
    <property name="localRepository" value="/home/vico/.m2/repository"/>
    <property name="java.vendor.url.bug" value="http://bugreport.sun.com/bugreport/"/>
    <property name="java.io.tmpdir" value="/tmp"/>
    <property name="java.version" value="1.8.0_212"/>
    <property name="user.dir" value="/home/vico/Documents/Projets/Walt/walt/walt-businessImpl"/>
    <property name="os.arch" value="amd64"/>
    <property name="java.vm.specification.name" value="Java Virtual Machine Specification"/>
    <property name="java.awt.printerjob" value="sun.print.PSPrinterJob"/>
    <property name="sun.os.patch.level" value="unknown"/>
    <property name="idea.version2019.2" value="true"/>
    <property name="java.library.path" value="/usr/java/packages/lib/amd64:/usr/lib64:/lib64:/lib:/usr/lib"/>
    <property name="java.vm.info" value="mixed mode"/>
    <property name="java.vendor" value="Oracle Corporation"/>
    <property name="java.vm.version" value="25.212-b10"/>
    <property name="java.ext.dirs" value="/usr/lib/jvm/jdk1.8.0_212/jre/lib/ext:/usr/java/packages/lib/ext"/>
    <property name="sun.io.unicode.encoding" value="UnicodeLittle"/>
    <property name="java.class.version" value="52.0"/>
  </properties>
  <testcase name="testApp" classname="org.vamos.joy.businessImpl.AppTest" time="0.001"/>
</testsuite>